<?xml version="1.0" encoding="UTF-8"?>
<!-- Generated by org.testng.reporters.JUnitReportReporter -->
<testsuite hostname="DESKTOP-UT406DB" failures="0" tests="1" name="TEST.LoginTest" time="0.437" errors="0" timestamp="13 Jun 2022 16:03:14 GMT">
  <testcase classname="TEST.LoginTest" name="loginpage" time="0.437"/>
</testsuite> <!-- TEST.LoginTest -->
